<?xml version="1.0" encoding="UTF-8"?>
<!-- Generated by org.testng.reporters.JUnitReportReporter -->
<testsuite hostname="DESKTOP-2ORHN0H" failures="0" tests="2" name="com.qa.TestLayer.ExecutionActiTime" time="4.850" errors="0" timestamp="2023-05-08T22:00:43 IST" skipped="0">
  <testcase classname="com.qa.TestLayer.ExecutionActiTime" name="timetrak" time="4.436"/>
  <system-out/>
  <testcase classname="com.qa.TestLayer.ExecutionActiTime" name="Login" time="0.414"/>
  <system-out/>
</testsuite> <!-- com.qa.TestLayer.ExecutionActiTime -->
