<?xml version="1.0" encoding="UTF-8"?>
<!-- Generated by org.testng.reporters.JUnitReportReporter -->
<testsuite hostname="DESKTOP-FV7QQA3" failures="0" tests="1" name="com.qa.TestLayer.Custom_test_Test" time="64.483" errors="0" timestamp="2024-07-31T10:03:05 IST" skipped="0">
  <testcase classname="com.qa.TestLayer.Custom_test_Test" name="verify_the_custom_filed_add_succesfully" time="64.483"/>
</testsuite> <!-- com.qa.TestLayer.Custom_test_Test -->
